<?xml version="1.0" encoding="UTF-8"?>
<!-- Generated by org.testng.reporters.JUnitReportReporter -->
<testsuite hostname="Kausthubs-MacBook-Air.local" failures="0" tests="1" name="TestCase.Test_Runner" time="9.014" errors="0" timestamp="2023-03-01T21:12:51 IST" skipped="0">
  <testcase classname="TestCase.Test_Runner" name="testrunner" time="9.014"/>
  <system-out/>
</testsuite> <!-- TestCase.Test_Runner -->
